<?xml version="1.0" encoding="UTF-8"?>
<!-- Generated by org.testng.reporters.JUnitReportReporter -->
<testsuite hostname="LAPTOP-98FFV2GA" failures="0" tests="1" name="TestRunner.Runner" time="12.783" errors="0" timestamp="2024-10-01T21:49:30 IST" skipped="0">
  <testcase classname="TestRunner.Runner" name="runScenario" time="12.783"/>
</testsuite> <!-- TestRunner.Runner -->
